<?xml version="1.0" encoding="UTF-8"?>
<testsuite xmlns:xsi="http://www.w3.org/2001/XMLSchema-instance" xsi:noNamespaceSchemaLocation="https://maven.apache.org/surefire/maven-surefire-plugin/xsd/surefire-test-report.xsd" name="tester.TestRemover" time="0.041" tests="5" errors="0" skipped="0" failures="0">
  <properties>
[...]
</properties>
  <testcase name="testTwoChar" classname="tester.TestRemover" time="0.001"/>
  <testcase name="testSecondChar" classname="tester.TestRemover" time="0"/>
  <testcase name="testSingleChar" classname="tester.TestRemover" time="0"/>
  <testcase name="testFirstChar" classname="tester.TestRemover" time="0"/>
  <testcase name="testNoChar" classname="tester.TestRemover" time="0"/>
</testsuite>